0 verbose cli /var/jenkins_home/tools/jenkins.plugins.nodejs.tools.NodeJSInstallation/NodeJS/bin/node /var/jenkins_home/tools/jenkins.plugins.nodejs.tools.NodeJSInstallation/NodeJS/bin/npm
1 info using npm@10.8.3
2 info using node@v22.9.0
3 silly config load:file:/var/jenkins_home/tools/jenkins.plugins.nodejs.tools.NodeJSInstallation/NodeJS/lib/node_modules/npm/npmrc
4 silly config load:file:/var/jenkins_home/workspace/test_pipeline/front/.npmrc
5 silly config load:file:/var/jenkins_home/.npmrc
6 silly config load:file:/var/jenkins_home/tools/jenkins.plugins.nodejs.tools.NodeJSInstallation/NodeJS/etc/npmrc
7 verbose title npm install
8 verbose argv "install"
9 verbose logfile logs-max:10 dir:/var/jenkins_home/.npm/_logs/2024-10-10T18_00_58_213Z-
10 verbose logfile /var/jenkins_home/.npm/_logs/2024-10-10T18_00_58_213Z-debug-0.log
11 silly packumentCache heap:4345298944 maxSize:1086324736 maxEntrySize:543162368
12 silly logfile done cleaning log files
13 silly idealTree buildDeps
14 silly reify moves {}
15 verbose stack Error: Could not read package.json: Error: ENOENT: no such file or directory, open '/var/jenkins_home/workspace/test_pipeline/front/package.json'
15 verbose stack     at async open (node:internal/fs/promises:638:25)
15 verbose stack     at async readFile (node:internal/fs/promises:1238:14)
15 verbose stack     at async read (/var/jenkins_home/tools/jenkins.plugins.nodejs.tools.NodeJSInstallation/NodeJS/lib/node_modules/npm/node_modules/@npmcli/package-json/lib/read-package.js:9:18)
15 verbose stack     at async PackageJson.load (/var/jenkins_home/tools/jenkins.plugins.nodejs.tools.NodeJSInstallation/NodeJS/lib/node_modules/npm/node_modules/@npmcli/package-json/lib/index.js:130:31)
15 verbose stack     at async PackageJson.normalize (/var/jenkins_home/tools/jenkins.plugins.nodejs.tools.NodeJSInstallation/NodeJS/lib/node_modules/npm/node_modules/@npmcli/package-json/lib/index.js:116:5)
15 verbose stack     at async runScript (/var/jenkins_home/tools/jenkins.plugins.nodejs.tools.NodeJSInstallation/NodeJS/lib/node_modules/npm/node_modules/@npmcli/run-script/lib/run-script.js:11:28)
15 verbose stack     at async Install.exec (/var/jenkins_home/tools/jenkins.plugins.nodejs.tools.NodeJSInstallation/NodeJS/lib/node_modules/npm/lib/commands/install.js:163:9)
15 verbose stack     at async Npm.exec (/var/jenkins_home/tools/jenkins.plugins.nodejs.tools.NodeJSInstallation/NodeJS/lib/node_modules/npm/lib/npm.js:207:9)
15 verbose stack     at async module.exports (/var/jenkins_home/tools/jenkins.plugins.nodejs.tools.NodeJSInstallation/NodeJS/lib/node_modules/npm/lib/cli/entry.js:74:5)
16 error code ENOENT
17 error syscall open
18 error path /var/jenkins_home/workspace/test_pipeline/front/package.json
19 error errno -2
20 error enoent Could not read package.json: Error: ENOENT: no such file or directory, open '/var/jenkins_home/workspace/test_pipeline/front/package.json'
21 error enoent This is related to npm not being able to find a file.
21 error enoent
22 verbose cwd /var/jenkins_home/workspace/test_pipeline/front
23 verbose os Linux 5.15.153.1-microsoft-standard-WSL2
24 verbose node v22.9.0
25 verbose npm  v10.8.3
26 verbose exit -2
27 verbose code -2
28 error A complete log of this run can be found in: /var/jenkins_home/.npm/_logs/2024-10-10T18_00_58_213Z-debug-0.log
