Started on Oct 9, 2024, 11:49:08 AM
Started by event from 140.82.115.60 ⇒ https://b661-223-136-77-62.ngrok-free.app:8080/github-webhook/ on Wed Oct 09 11:49:08 UTC 2024
Polling SCM changes on built-in
Using strategy: Default
[poll] Last Built Revision: Revision 86f76cb9e0e6796262dcef7fe1e9fe26e3482fe3 (origin/main)
The recommended git tool is: NONE
No credentials specified
 > git rev-parse --resolve-git-dir /var/jenkins_home/workspace/Team_Buying/.git # timeout=10
Fetching changes from the remote Git repositories
 > git config remote.origin.url https://github.com/R13725056/Team_Buying.git # timeout=10
Fetching upstream changes from https://github.com/R13725056/Team_Buying.git
 > git --version # timeout=10
 > git --version # 'git version 2.39.2'
 > git fetch --tags --force --progress -- https://github.com/R13725056/Team_Buying.git +refs/heads/*:refs/remotes/origin/* # timeout=10
Polling for changes in
Seen branch in repository origin/main
Seen 1 remote branch
 > git show-ref --tags -d # timeout=10
 > git log --full-history --no-abbrev --format=raw -M -m 86f76cb9e0e6796262dcef7fe1e9fe26e3482fe3..8643a86402b26842626eecb2130ebe248f97dc68 # timeout=10
Done. Took 2 sec
Changes found
